<?xml version="1.0" encoding="UTF-8"?>
<!-- Generated by org.testng.reporters.JUnitReportReporter -->
<testsuite hostname="MEERA" failures="0" tests="1" name="testpkg.Checkout_test" time="36.204" errors="0" timestamp="2025-09-11T18:21:43 IST" skipped="0">
  <testcase classname="testpkg.Checkout_test" name="test" time="36.204"/>
</testsuite> <!-- testpkg.Checkout_test -->
