<?xml version="1.0" encoding="UTF-8"?>
<!-- Generated by org.testng.reporters.JUnitReportReporter -->
<testsuite hostname="MEERA" failures="0" tests="1" name="testpkg.Login_or_register_test2" time="130.766" errors="0" timestamp="2025-09-04T14:01:58 IST" skipped="0">
  <testcase classname="testpkg.Login_or_register_test2" name="test" time="130.766"/>
</testsuite> <!-- testpkg.Login_or_register_test2 -->
