<?xml version="1.0" encoding="UTF-8"?>
<!-- Generated by org.testng.reporters.JUnitReportReporter -->
<testsuite hostname="MEERA" failures="0" tests="1" name="testpkg.Returning_customer_test" time="14.653" errors="0" timestamp="2025-08-23T23:11:28 IST" skipped="0">
  <testcase classname="testpkg.Returning_customer_test" name="test" time="14.653"/>
</testsuite> <!-- testpkg.Returning_customer_test -->
