<?xml version="1.0" encoding="UTF-8"?>
<!-- Generated by org.testng.reporters.JUnitReportReporter -->
<testsuite hostname="MEERA" failures="0" tests="1" name="testpkg.Forgot_password_test" time="17.096" errors="0" timestamp="2025-08-23T23:13:01 IST" skipped="0">
  <testcase classname="testpkg.Forgot_password_test" name="test" time="17.096"/>
</testsuite> <!-- testpkg.Forgot_password_test -->
