<?xml version="1.0" encoding="UTF-8"?>
<!-- Generated by org.testng.reporters.JUnitReportReporter -->
<testsuite hostname="MEERA" failures="0" tests="1" name="testpkg.Homepage_test" time="118.996" errors="0" timestamp="2025-09-11T18:21:42 IST" skipped="0">
  <testcase classname="testpkg.Homepage_test" name="test" time="118.996"/>
</testsuite> <!-- testpkg.Homepage_test -->
