<?xml version="1.0" encoding="UTF-8"?>
<!-- Generated by org.testng.reporters.JUnitReportReporter -->
<testsuite hostname="MEERA" failures="0" tests="1" name="testpkg.Cart_test" time="30.133" errors="0" timestamp="2025-09-11T18:21:42 IST" skipped="0">
  <testcase classname="testpkg.Cart_test" name="test" time="30.133"/>
</testsuite> <!-- testpkg.Cart_test -->
