<?xml version="1.0" encoding="UTF-8"?>
<!-- Generated by org.testng.reporters.JUnitReportReporter -->
<testsuite hostname="MEERA" failures="0" tests="1" name="testpkg.Search_test" time="42.698" errors="0" timestamp="2025-09-11T18:21:42 IST" skipped="0">
  <testcase classname="testpkg.Search_test" name="test" time="42.698"/>
</testsuite> <!-- testpkg.Search_test -->
