<?xml version="1.0" encoding="UTF-8"?>
<!-- Generated by org.testng.reporters.JUnitReportReporter -->
<testsuite hostname="MEERA" failures="0" tests="1" name="testpkg.Homepage_test1" time="101.164" errors="0" timestamp="2025-09-05T19:06:48 IST" skipped="0">
  <testcase classname="testpkg.Homepage_test1" name="test" time="101.164"/>
</testsuite> <!-- testpkg.Homepage_test1 -->
