<?xml version="1.0" encoding="UTF-8"?>
<!-- Generated by org.testng.reporters.JUnitReportReporter -->
<testsuite hostname="MEERA" failures="0" tests="1" name="testpkg.Create_account_test" time="21.547" errors="0" timestamp="2025-08-23T22:52:57 IST" skipped="0">
  <testcase classname="testpkg.Create_account_test" name="test" time="21.547"/>
</testsuite> <!-- testpkg.Create_account_test -->
