<?xml version="1.0" encoding="UTF-8"?>
<!-- Generated by org.testng.reporters.JUnitReportReporter -->
<testsuite hostname="MEERA" failures="0" tests="2" name="testpkg.Report" time="8.490" errors="0" timestamp="2025-09-11T18:21:42 IST" skipped="0">
  <testcase classname="testpkg.Report" name="titleverification" time="3.537"/>
  <testcase classname="testpkg.Report" name="buttontextverification" time="4.953"/>
</testsuite> <!-- testpkg.Report -->
